<?xml version="1.0" encoding="UTF-8"?>
<!-- Generated by org.testng.reporters.JUnitReportReporter -->
<testsuite skipped="0" hostname="DESKTOP-90TM9QP" name="tests.TestMercury" tests="4" failures="0" timestamp="2019-11-28T13:52:55 COT" time="81.901" errors="0">
  <testcase name="AlterLogin" time="18.702" classname="tests.TestMercury"/>
  <testcase name="loginIncorrecto" time="16.505" classname="tests.TestMercury"/>
  <testcase name="login" time="24.092" classname="tests.TestMercury"/>
  <testcase name="fillForm" time="22.602" classname="tests.TestMercury"/>
</testsuite> <!-- tests.TestMercury -->
